<?xml version="1.0" encoding="UTF-8"?>
<testsuites name="Janus" time="11.18" tests="1" failures="0" errors="0">
   <testsuite name="Janus" tests="1" failures="0" errors="0" time="11.18" skipped="0" timestamp="2021-10-25 07:42:00" hostname="hendriawanswatandika - localhost" id="Test Suites/Janus">
      <properties>
         <property name="deviceName" value=""/>
         <property name="devicePlatform" value=""/>
         <property name="logFolder" value="/Users/hendriawanswatandika/git/Janusss/Reports/20211025_074155/Janus/20211025_074156"/>
         <property name="logFiles" value="/Users/hendriawanswatandika/git/Janusss/Reports/20211025_074155/Janus/20211025_074156/execution0.log"/>
         <property name="attachments" value=""/>
         <property name="hostName" value="hendriawanswatandika - localhost"/>
         <property name="os" value="Mac OS X 64bit"/>
         <property name="katalonVersion" value="8.1.0.208"/>
         <property name="browser" value="Chrome 94.0.4606.81"/>
         <property name="hostAddress" value="127.0.0.1"/>
         <property name="sessionId" value="4264ebfab3fedc0ae442a35a9cfb3658"/>
         <property name="seleniumVersion" value="3.141.59"/>
         <property name="proxyInformation" value="ProxyInformation { proxyOption=NO_PROXY, proxyServerType=HTTP, username=, password=********, proxyServerAddress=, proxyServerPort=0, executionList=&quot;&quot;, isApplyToDesiredCapabilities=true }"/>
         <property name="platform" value="Mac OS X"/>
      </properties>
      <testcase name="Test Cases/Login" time="10.314" classname="Test Cases/Login" status="PASSED">
         <system-out><![CDATA[2021-10-25 07:42:01 - [TEST_CASE][PASSED] - Test Cases/Login: Test Cases/Login

2021-10-25 07:42:01 - [TEST_STEP][PASSED] - openBrowser("risdev.umeetme.id"): Browser is opened with url: 'risdev.umeetme.id'

2021-10-25 07:42:02 - [MESSAGE][INFO] - Starting 'Chrome' driver

2021-10-25 07:42:02 - [MESSAGE][INFO] - User set preference: ['args', '[use-fake-ui-for-media-stream]']

2021-10-25 07:42:02 - [MESSAGE][INFO] - Action delay is set to 0 milliseconds

2021-10-25 07:42:08 - [MESSAGE][PASSED] - Browser is opened with url: 'risdev.umeetme.id'

2021-10-25 07:42:08 - [TEST_STEP][PASSED] - waitForElementVisible(findTestObject("Login/Insert"), 5): Object 'Object Repository/Login/Insert' is visible

2021-10-25 07:42:09 - [MESSAGE][PASSED] - Object 'Object Repository/Login/Insert' is visible

2021-10-25 07:42:09 - [TEST_STEP][PASSED] - setText(findTestObject("Login/Insert"), "122"): Text '122' is set on object 'Object Repository/Login/Insert'

2021-10-25 07:42:10 - [MESSAGE][PASSED] - Text '122' is set on object 'Object Repository/Login/Insert'

2021-10-25 07:42:10 - [TEST_STEP][PASSED] - setText(findTestObject("Login/Name"), "Dika"): Text 'Dika' is set on object 'Object Repository/Login/Name'

2021-10-25 07:42:10 - [MESSAGE][PASSED] - Text 'Dika' is set on object 'Object Repository/Login/Name'

2021-10-25 07:42:10 - [TEST_STEP][PASSED] - click(findTestObject("Login/Join")): Object: 'Object Repository/Login/Join' is clicked on

2021-10-25 07:42:11 - [MESSAGE][PASSED] - Object: 'Object Repository/Login/Join' is clicked on]]></system-out>
         <system-err><![CDATA[]]></system-err>
      </testcase>
      <system-out><![CDATA[2021-10-25 07:42:00 - [TEST_SUITE][PASSED] - Janus: Test Cases/Login]]></system-out>
      <system-err><![CDATA[]]></system-err>
   </testsuite>
</testsuites>
